<?xml version="1.0" encoding="UTF-8"?>
<!-- Generated by org.testng.reporters.JUnitReportReporter -->
<testsuite hostname="DESKTOP-VAJVVUP" failures="0" tests="1" name="com.facegenie.TC.VerifyLoginFun" time="7.973" errors="0" timestamp="2023-09-17T11:15:35 IST" skipped="0">
  <testcase classname="com.facegenie.TC.VerifyLoginFun" name="loginFun" time="7.973"/>
  <system-out/>
</testsuite> <!-- com.facegenie.TC.VerifyLoginFun -->
