<?xml version="1.0" encoding="UTF-8"?>
<!-- Generated by org.testng.reporters.JUnitReportReporter -->
<testsuite hostname="DESKTOP-VAJVVUP" failures="0" tests="1" name="com.facegenie.TC.VerifyLogOutFun" time="39.310" errors="0" timestamp="2023-09-17T12:05:43 IST" skipped="0">
  <testcase classname="com.facegenie.TC.VerifyLogOutFun" name="logoutFun" time="39.310"/>
  <system-out/>
</testsuite> <!-- com.facegenie.TC.VerifyLogOutFun -->
