<?xml version="1.0" encoding="UTF-8"?>
<!-- Generated by org.testng.reporters.JUnitReportReporter -->
<testsuite hostname="stranger" failures="0" tests="1" name="com.facegenie.TC.VerifyLoginFun" time="13.091" errors="0" timestamp="2024-01-14T18:14:37 IST" skipped="0">
  <testcase classname="com.facegenie.TC.VerifyLoginFun" name="loginFun" time="13.091"/>
  <system-out/>
</testsuite> <!-- com.facegenie.TC.VerifyLoginFun -->
