<?xml version="1.0" encoding="UTF-8"?>
<!-- Generated by org.testng.reporters.JUnitReportReporter -->
<testsuite hostname="stranger" failures="0" tests="2" name="com.facegenie.TC.VerifyLoginFun" time="53.344" errors="0" timestamp="2023-09-17T18:33:41 IST" skipped="0">
  <testcase classname="com.facegenie.TC.VerifyLoginFun" name="loginFun" time="7.892"/>
  <system-out/>
  <testcase classname="com.facegenie.TC.VerifyLoginFun" name="logoutFun" time="45.452"/>
  <system-out/>
</testsuite> <!-- com.facegenie.TC.VerifyLoginFun -->
