<?xml version="1.0" encoding="UTF-8"?>
<!-- Generated by org.testng.reporters.JUnitReportReporter -->
<testsuite hostname="stranger" failures="0" tests="1" name="com.facegenie.TC.VerifyLogOutFun" time="37.874" errors="0" timestamp="2024-01-14T18:14:37 IST" skipped="0">
  <testcase classname="com.facegenie.TC.VerifyLogOutFun" name="logoutFun" time="37.874"/>
  <system-out/>
</testsuite> <!-- com.facegenie.TC.VerifyLogOutFun -->
