<?xml version="1.0" encoding="UTF-8"?>
<!-- Generated by org.testng.reporters.JUnitReportReporter -->
<testsuite hostname="stranger" failures="0" tests="1" name="com.facegenie.TC.VerifyLoginFun" time="11.762" errors="0" timestamp="2023-12-22T12:04:38 IST" skipped="0">
  <testcase classname="com.facegenie.TC.VerifyLoginFun" name="loginFun" time="11.762"/>
  <system-out/>
</testsuite> <!-- com.facegenie.TC.VerifyLoginFun -->
